# JRE version: OpenJDK Runtime Environment (21.0.3) (build 21.0.3+-12282718-b509.11)
# Java VM: OpenJDK 64-Bit Server VM (21.0.3+-12282718-b509.11, mixed mode, tiered, compressed oops, compressed class ptrs, g1 gc, windows-amd64)
GC Precious Log:
 CardTable entry size: 512
 Card Set container configuration: InlinePtr #cards 5 size 8 Array Of Cards #cards 12 size 40 Howl #buckets 4 coarsen threshold 1843 Howl Bitmap #cards 512 size 80 coarsen threshold 460 Card regions per heap region 1 cards per card region 2048
 CPUs: 8 total, 8 available
 Memory: 5877M
 Large Page Support: Disabled
 NUMA Support: Disabled
 Compressed Oops: Enabled (32-bit)
 Heap Region Size: 1M
 Heap Min Capacity: 8M
 Heap Initial Capacity: 92M
 Heap Max Capacity: 2G
 Pre-touch: Disabled
 Parallel Workers: 8
 Concurrent Workers: 2
 Concurrent Refinement Workers: 8
 Periodic GC: Disabled
Heap:
 garbage-first heap   total 235520K, used 190543K [0x0000000080000000, 0x0000000100000000)
  region size 1024K, 60 young (61440K), 6 survivors (6144K)
 Metaspace       used 132313K, committed 134592K, reserved 1179648K
  class space    used 17560K, committed 18688K, reserved 1048576K
GC Heap History (20 events):
Event: 30.306 GC heap before
{Heap before GC invocations=46 (full 0):
 garbage-first heap   total 163840K, used 147112K [0x0000000080000000, 0x0000000100000000)
  region size 1024K, 55 young (56320K), 6 survivors (6144K)
 Metaspace       used 107997K, committed 110016K, reserved 1179648K
  class space    used 14854K, committed 15872K, reserved 1048576K
}
Event: 30.315 GC heap after
{Heap after GC invocations=47 (full 0):
 garbage-first heap   total 163840K, used 99494K [0x0000000080000000, 0x0000000100000000)
  region size 1024K, 7 young (7168K), 7 survivors (7168K)
 Metaspace       used 107997K, committed 110016K, reserved 1179648K
  class space    used 14854K, committed 15872K, reserved 1048576K
}
Event: 31.266 GC heap before
{Heap before GC invocations=48 (full 0):
 garbage-first heap   total 173056K, used 145574K [0x0000000080000000, 0x0000000100000000)
  region size 1024K, 53 young (54272K), 7 survivors (7168K)
 Metaspace       used 110643K, committed 112768K, reserved 1179648K
  class space    used 15199K, committed 16256K, reserved 1048576K
}
Event: 31.276 GC heap after
{Heap after GC invocations=49 (full 0):
 garbage-first heap   total 173056K, used 104117K [0x0000000080000000, 0x0000000100000000)
  region size 1024K, 7 young (7168K), 7 survivors (7168K)
 Metaspace       used 110643K, committed 112768K, reserved 1179648K
  class space    used 15199K, committed 16256K, reserved 1048576K
}
Event: 34.769 GC heap before
{Heap before GC invocations=49 (full 0):
 garbage-first heap   total 173056K, used 160437K [0x0000000080000000, 0x0000000100000000)
  region size 1024K, 58 young (59392K), 7 survivors (7168K)
 Metaspace       used 114124K, committed 116352K, reserved 1179648K
  class space    used 15581K, committed 16704K, reserved 1048576K
}
Event: 34.789 GC heap after
{Heap after GC invocations=50 (full 0):
 garbage-first heap   total 179200K, used 111616K [0x0000000080000000, 0x0000000100000000)
  region size 1024K, 8 young (8192K), 8 survivors (8192K)
 Metaspace       used 114124K, committed 116352K, reserved 1179648K
  class space    used 15581K, committed 16704K, reserved 1048576K
}
Event: 39.508 GC heap before
{Heap before GC invocations=50 (full 0):
 garbage-first heap   total 179200K, used 159744K [0x0000000080000000, 0x0000000100000000)
  region size 1024K, 56 young (57344K), 8 survivors (8192K)
 Metaspace       used 115406K, committed 117632K, reserved 1179648K
  class space    used 15810K, committed 16960K, reserved 1048576K
}
Event: 39.521 GC heap after
{Heap after GC invocations=51 (full 0):
 garbage-first heap   total 179200K, used 113845K [0x0000000080000000, 0x0000000100000000)
  region size 1024K, 5 young (5120K), 5 survivors (5120K)
 Metaspace       used 115406K, committed 117632K, reserved 1179648K
  class space    used 15810K, committed 16960K, reserved 1048576K
}
Event: 49.063 GC heap before
{Heap before GC invocations=52 (full 0):
 garbage-first heap   total 196608K, used 160949K [0x0000000080000000, 0x0000000100000000)
  region size 1024K, 52 young (53248K), 5 survivors (5120K)
 Metaspace       used 116932K, committed 119104K, reserved 1179648K
  class space    used 15930K, committed 17024K, reserved 1048576K
}
Event: 49.074 GC heap after
{Heap after GC invocations=53 (full 0):
 garbage-first heap   total 196608K, used 125378K [0x0000000080000000, 0x0000000100000000)
  region size 1024K, 7 young (7168K), 7 survivors (7168K)
 Metaspace       used 116932K, committed 119104K, reserved 1179648K
  class space    used 15930K, committed 17024K, reserved 1048576K
}
Event: 52.550 GC heap before
{Heap before GC invocations=53 (full 0):
 garbage-first heap   total 196608K, used 180674K [0x0000000080000000, 0x0000000100000000)
  region size 1024K, 55 young (56320K), 7 survivors (7168K)
 Metaspace       used 117856K, committed 120128K, reserved 1179648K
  class space    used 16014K, committed 17152K, reserved 1048576K
}
Event: 52.567 GC heap after
{Heap after GC invocations=54 (full 0):
 garbage-first heap   total 197632K, used 130187K [0x0000000080000000, 0x0000000100000000)
  region size 1024K, 6 young (6144K), 6 survivors (6144K)
 Metaspace       used 117856K, committed 120128K, reserved 1179648K
  class space    used 16014K, committed 17152K, reserved 1048576K
}
Event: 60.579 GC heap before
{Heap before GC invocations=54 (full 0):
 garbage-first heap   total 197632K, used 177291K [0x0000000080000000, 0x0000000100000000)
  region size 1024K, 53 young (54272K), 6 survivors (6144K)
 Metaspace       used 121205K, committed 123392K, reserved 1179648K
  class space    used 16318K, committed 17408K, reserved 1048576K
}
Event: 60.589 GC heap after
{Heap after GC invocations=55 (full 0):
 garbage-first heap   total 197632K, used 134827K [0x0000000080000000, 0x0000000100000000)
  region size 1024K, 5 young (5120K), 5 survivors (5120K)
 Metaspace       used 121205K, committed 123392K, reserved 1179648K
  class space    used 16318K, committed 17408K, reserved 1048576K
}
Event: 63.355 GC heap before
{Heap before GC invocations=56 (full 0):
 garbage-first heap   total 234496K, used 226987K [0x0000000080000000, 0x0000000100000000)
  region size 1024K, 48 young (49152K), 5 survivors (5120K)
 Metaspace       used 121758K, committed 123968K, reserved 1179648K
  class space    used 16364K, committed 17472K, reserved 1048576K
}
Event: 63.359 GC heap after
{Heap after GC invocations=57 (full 0):
 garbage-first heap   total 234496K, used 132110K [0x0000000080000000, 0x0000000100000000)
  region size 1024K, 1 young (1024K), 1 survivors (1024K)
 Metaspace       used 121758K, committed 123968K, reserved 1179648K
  class space    used 16364K, committed 17472K, reserved 1048576K
}
Event: 67.988 GC heap before
{Heap before GC invocations=57 (full 0):
 garbage-first heap   total 234496K, used 208910K [0x0000000080000000, 0x0000000100000000)
  region size 1024K, 77 young (78848K), 1 survivors (1024K)
 Metaspace       used 124244K, committed 126464K, reserved 1179648K
  class space    used 16656K, committed 17792K, reserved 1048576K
}
Event: 67.999 GC heap after
{Heap after GC invocations=58 (full 0):
 garbage-first heap   total 234496K, used 136647K [0x0000000080000000, 0x0000000100000000)
  region size 1024K, 7 young (7168K), 7 survivors (7168K)
 Metaspace       used 124244K, committed 126464K, reserved 1179648K
  class space    used 16656K, committed 17792K, reserved 1048576K
}
Event: 77.085 GC heap before
{Heap before GC invocations=58 (full 0):
 garbage-first heap   total 234496K, used 187847K [0x0000000080000000, 0x0000000100000000)
  region size 1024K, 59 young (60416K), 7 survivors (7168K)
 Metaspace       used 126292K, committed 128512K, reserved 1179648K
  class space    used 16874K, committed 17984K, reserved 1048576K
}
Event: 77.101 GC heap after
{Heap after GC invocations=59 (full 0):
 garbage-first heap   total 234496K, used 140367K [0x0000000080000000, 0x0000000100000000)
  region size 1024K, 6 young (6144K), 6 survivors (6144K)
 Metaspace       used 126292K, committed 128512K, reserved 1179648K
  class space    used 16874K, committed 17984K, reserved 1048576K
}

